<?xml version="1.0" encoding="UTF-8"?>
<coverage generated="1763299344819" clover="3.2.0">
  <project timestamp="1763299344819" name="All files">
    <metrics statements="122" coveredstatements="113" conditionals="91" coveredconditionals="76" methods="22" coveredmethods="22" elements="235" coveredelements="211" complexity="0" loc="122" ncloc="122" packages="1" files="2" classes="2"/>
    <file name="formatters.ts" path="/home/user/icarus/src/lib/utils/formatters.ts">
      <metrics statements="40" coveredstatements="40" conditionals="29" coveredconditionals="26" methods="10" coveredmethods="10"/>
      <line num="8" count="1" type="stmt"/>
      <line num="9" count="2" type="stmt"/>
      <line num="19" count="1" type="stmt"/>
      <line num="20" count="1" type="stmt"/>
      <line num="31" count="1" type="stmt"/>
      <line num="32" count="2" type="cond" truecount="2" falsecount="0"/>
      <line num="34" count="2" type="cond" truecount="2" falsecount="0"/>
      <line num="35" count="1" type="stmt"/>
      <line num="38" count="1" type="stmt"/>
      <line num="44" count="1" type="stmt"/>
      <line num="45" count="2" type="cond" truecount="2" falsecount="0"/>
      <line num="47" count="2" type="cond" truecount="2" falsecount="0"/>
      <line num="48" count="1" type="stmt"/>
      <line num="51" count="1" type="stmt"/>
      <line num="57" count="1" type="cond" truecount="1" falsecount="0"/>
      <line num="58" count="2" type="stmt"/>
      <line num="65" count="1" type="stmt"/>
      <line num="66" count="3" type="cond" truecount="4" falsecount="0"/>
      <line num="68" count="2" type="stmt"/>
      <line num="69" count="2" type="stmt"/>
      <line num="70" count="2" type="stmt"/>
      <line num="72" count="2" type="cond" truecount="1" falsecount="1"/>
      <line num="79" count="1" type="stmt"/>
      <line num="80" count="3" type="cond" truecount="3" falsecount="1"/>
      <line num="82" count="3" type="stmt"/>
      <line num="84" count="3" type="cond" truecount="2" falsecount="0"/>
      <line num="90" count="1" type="stmt"/>
      <line num="91" count="5" type="cond" truecount="2" falsecount="0"/>
      <line num="97" count="1" type="stmt"/>
      <line num="98" count="2" type="cond" truecount="2" falsecount="0"/>
      <line num="99" count="2" type="cond" truecount="2" falsecount="0"/>
      <line num="101" count="2" type="stmt"/>
      <line num="102" count="2" type="stmt"/>
      <line num="104" count="2" type="stmt"/>
      <line num="111" count="1" type="stmt"/>
      <line num="112" count="2" type="cond" truecount="1" falsecount="1"/>
      <line num="113" count="2" type="stmt"/>
      <line num="115" count="2" type="stmt"/>
      <line num="116" count="2" type="stmt"/>
      <line num="118" count="2" type="stmt"/>
    </file>
    <file name="validators.ts" path="/home/user/icarus/src/lib/utils/validators.ts">
      <metrics statements="82" coveredstatements="73" conditionals="62" coveredconditionals="50" methods="12" coveredmethods="12"/>
      <line num="8" count="1" type="stmt"/>
      <line num="9" count="3" type="stmt"/>
      <line num="11" count="3" type="cond" truecount="2" falsecount="0"/>
      <line num="12" count="2" type="cond" truecount="2" falsecount="0"/>
      <line num="15" count="1" type="stmt"/>
      <line num="16" count="1" type="stmt"/>
      <line num="17" count="1" type="stmt"/>
      <line num="18" count="14" type="stmt"/>
      <line num="19" count="14" type="cond" truecount="2" falsecount="0"/>
      <line num="21" count="1" type="cond" truecount="1" falsecount="1"/>
      <line num="22" count="3" type="cond" truecount="2" falsecount="0"/>
      <line num="24" count="0" type="stmt"/>
      <line num="25" count="0" type="stmt"/>
      <line num="26" count="0" type="stmt"/>
      <line num="27" count="0" type="stmt"/>
      <line num="28" count="0" type="cond" truecount="0" falsecount="2"/>
      <line num="30" count="0" type="cond" truecount="0" falsecount="2"/>
      <line num="31" count="3" type="cond" truecount="1" falsecount="1"/>
      <line num="33" count="0" type="stmt"/>
      <line num="39" count="1" type="stmt"/>
      <line num="40" count="3" type="stmt"/>
      <line num="42" count="3" type="cond" truecount="2" falsecount="0"/>
      <line num="43" count="2" type="cond" truecount="2" falsecount="0"/>
      <line num="45" count="1" type="stmt"/>
      <line num="46" count="1" type="stmt"/>
      <line num="47" count="9" type="stmt"/>
      <line num="49" count="1" type="stmt"/>
      <line num="50" count="1" type="cond" truecount="3" falsecount="1"/>
      <line num="52" count="3" type="cond" truecount="1" falsecount="1"/>
      <line num="54" count="1" type="stmt"/>
      <line num="55" count="1" type="stmt"/>
      <line num="56" count="10" type="stmt"/>
      <line num="58" count="1" type="stmt"/>
      <line num="59" count="1" type="cond" truecount="3" falsecount="1"/>
      <line num="61" count="3" type="cond" truecount="1" falsecount="1"/>
      <line num="63" count="1" type="stmt"/>
      <line num="69" count="1" type="stmt"/>
      <line num="70" count="3" type="stmt"/>
      <line num="71" count="3" type="stmt"/>
      <line num="77" count="1" type="stmt"/>
      <line num="78" count="3" type="stmt"/>
      <line num="79" count="3" type="cond" truecount="2" falsecount="0"/>
      <line num="85" count="1" type="stmt"/>
      <line num="86" count="4" type="stmt"/>
      <line num="87" count="4" type="stmt"/>
      <line num="93" count="1" type="stmt"/>
      <line num="94" count="4" type="stmt"/>
      <line num="100" count="1" type="stmt"/>
      <line num="101" count="3" type="stmt"/>
      <line num="107" count="1" type="stmt"/>
      <line num="108" count="4" type="stmt"/>
      <line num="114" count="1" type="stmt"/>
      <line num="115" count="4" type="stmt"/>
      <line num="116" count="4" type="cond" truecount="2" falsecount="0"/>
      <line num="123" count="1" type="stmt"/>
      <line num="124" count="1" type="stmt"/>
      <line num="135" count="1" type="stmt"/>
      <line num="139" count="5" type="cond" truecount="4" falsecount="0"/>
      <line num="140" count="1" type="stmt"/>
      <line num="143" count="4" type="stmt"/>
      <line num="144" count="4" type="stmt"/>
      <line num="145" count="4" type="stmt"/>
      <line num="147" count="4" type="cond" truecount="1" falsecount="1"/>
      <line num="148" count="0" type="stmt"/>
      <line num="151" count="4" type="cond" truecount="2" falsecount="0"/>
      <line num="152" count="2" type="stmt"/>
      <line num="155" count="2" type="cond" truecount="4" falsecount="0"/>
      <line num="156" count="1" type="stmt"/>
      <line num="159" count="1" type="stmt"/>
      <line num="165" count="1" type="stmt"/>
      <line num="169" count="7" type="cond" truecount="4" falsecount="0"/>
      <line num="170" count="1" type="stmt"/>
      <line num="173" count="6" type="stmt"/>
      <line num="175" count="6" type="cond" truecount="2" falsecount="0"/>
      <line num="176" count="1" type="stmt"/>
      <line num="179" count="5" type="cond" truecount="2" falsecount="0"/>
      <line num="180" count="2" type="stmt"/>
      <line num="183" count="3" type="cond" truecount="1" falsecount="1"/>
      <line num="184" count="0" type="stmt"/>
      <line num="187" count="3" type="cond" truecount="4" falsecount="0"/>
      <line num="188" count="1" type="stmt"/>
      <line num="191" count="2" type="stmt"/>
    </file>
  </project>
</coverage>
