{"/home/user/icarus/src/lib/utils/formatters.ts": {"path":"/home/user/icarus/src/lib/utils/formatters.ts","statementMap":{"0":{"start":{"line":8,"column":30},"end":{"line":14,"column":null}},"1":{"start":{"line":9,"column":2},"end":{"line":13,"column":null}},"2":{"start":{"line":19,"column":38},"end":{"line":26,"column":null}},"3":{"start":{"line":20,"column":2},"end":{"line":25,"column":null}},"4":{"start":{"line":31,"column":26},"end":{"line":39,"column":null}},"5":{"start":{"line":32,"column":18},"end":{"line":32,"column":null}},"6":{"start":{"line":34,"column":2},"end":{"line":36,"column":null}},"7":{"start":{"line":35,"column":4},"end":{"line":35,"column":null}},"8":{"start":{"line":38,"column":2},"end":{"line":38,"column":null}},"9":{"start":{"line":44,"column":30},"end":{"line":52,"column":null}},"10":{"start":{"line":45,"column":18},"end":{"line":45,"column":null}},"11":{"start":{"line":47,"column":2},"end":{"line":49,"column":null}},"12":{"start":{"line":48,"column":4},"end":{"line":48,"column":null}},"13":{"start":{"line":51,"column":2},"end":{"line":51,"column":null}},"14":{"start":{"line":57,"column":32},"end":{"line":59,"column":null}},"15":{"start":{"line":58,"column":2},"end":{"line":58,"column":null}},"16":{"start":{"line":65,"column":29},"end":{"line":73,"column":null}},"17":{"start":{"line":66,"column":2},"end":{"line":66,"column":null}},"18":{"start":{"line":66,"column":37},"end":{"line":66,"column":null}},"19":{"start":{"line":68,"column":18},"end":{"line":68,"column":null}},"20":{"start":{"line":69,"column":21},"end":{"line":69,"column":null}},"21":{"start":{"line":70,"column":17},"end":{"line":70,"column":null}},"22":{"start":{"line":72,"column":2},"end":{"line":72,"column":null}},"23":{"start":{"line":79,"column":28},"end":{"line":85,"column":null}},"24":{"start":{"line":80,"column":2},"end":{"line":80,"column":null}},"25":{"start":{"line":80,"column":37},"end":{"line":80,"column":null}},"26":{"start":{"line":82,"column":17},"end":{"line":82,"column":null}},"27":{"start":{"line":84,"column":2},"end":{"line":84,"column":null}},"28":{"start":{"line":90,"column":25},"end":{"line":92,"column":null}},"29":{"start":{"line":91,"column":2},"end":{"line":91,"column":null}},"30":{"start":{"line":97,"column":27},"end":{"line":105,"column":null}},"31":{"start":{"line":98,"column":13},"end":{"line":98,"column":null}},"32":{"start":{"line":99,"column":13},"end":{"line":99,"column":null}},"33":{"start":{"line":101,"column":19},"end":{"line":101,"column":null}},"34":{"start":{"line":102,"column":19},"end":{"line":102,"column":null}},"35":{"start":{"line":104,"column":2},"end":{"line":104,"column":null}},"36":{"start":{"line":111,"column":27},"end":{"line":119,"column":null}},"37":{"start":{"line":112,"column":14},"end":{"line":112,"column":null}},"38":{"start":{"line":113,"column":16},"end":{"line":113,"column":null}},"39":{"start":{"line":115,"column":19},"end":{"line":115,"column":null}},"40":{"start":{"line":116,"column":19},"end":{"line":116,"column":null}},"41":{"start":{"line":118,"column":2},"end":{"line":118,"column":null}}},"fnMap":{"0":{"name":"(anonymous_0)","decl":{"start":{"line":8,"column":30},"end":{"line":8,"column":31}},"loc":{"start":{"line":8,"column":57},"end":{"line":14,"column":null}},"line":8},"1":{"name":"(anonymous_1)","decl":{"start":{"line":19,"column":38},"end":{"line":19,"column":39}},"loc":{"start":{"line":19,"column":65},"end":{"line":26,"column":null}},"line":19},"2":{"name":"(anonymous_2)","decl":{"start":{"line":31,"column":26},"end":{"line":31,"column":27}},"loc":{"start":{"line":31,"column":59},"end":{"line":39,"column":null}},"line":31},"3":{"name":"(anonymous_3)","decl":{"start":{"line":44,"column":30},"end":{"line":44,"column":31}},"loc":{"start":{"line":44,"column":63},"end":{"line":52,"column":null}},"line":44},"4":{"name":"(anonymous_4)","decl":{"start":{"line":57,"column":32},"end":{"line":57,"column":33}},"loc":{"start":{"line":57,"column":81},"end":{"line":59,"column":null}},"line":57},"5":{"name":"(anonymous_5)","decl":{"start":{"line":65,"column":29},"end":{"line":65,"column":30}},"loc":{"start":{"line":65,"column":63},"end":{"line":73,"column":null}},"line":65},"6":{"name":"(anonymous_6)","decl":{"start":{"line":79,"column":28},"end":{"line":79,"column":29}},"loc":{"start":{"line":79,"column":62},"end":{"line":85,"column":null}},"line":79},"7":{"name":"(anonymous_7)","decl":{"start":{"line":90,"column":25},"end":{"line":90,"column":26}},"loc":{"start":{"line":90,"column":79},"end":{"line":92,"column":null}},"line":90},"8":{"name":"(anonymous_8)","decl":{"start":{"line":97,"column":27},"end":{"line":97,"column":28}},"loc":{"start":{"line":97,"column":83},"end":{"line":105,"column":null}},"line":97},"9":{"name":"(anonymous_9)","decl":{"start":{"line":111,"column":27},"end":{"line":111,"column":28}},"loc":{"start":{"line":111,"column":63},"end":{"line":119,"column":null}},"line":111}},"branchMap":{"0":{"loc":{"start":{"line":32,"column":18},"end":{"line":32,"column":null}},"type":"cond-expr","locations":[{"start":{"line":32,"column":45},"end":{"line":32,"column":62}},{"start":{"line":32,"column":62},"end":{"line":32,"column":null}}],"line":32},"1":{"loc":{"start":{"line":34,"column":2},"end":{"line":36,"column":null}},"type":"if","locations":[{"start":{"line":34,"column":2},"end":{"line":36,"column":null}},{"start":{},"end":{}}],"line":34},"2":{"loc":{"start":{"line":45,"column":18},"end":{"line":45,"column":null}},"type":"cond-expr","locations":[{"start":{"line":45,"column":45},"end":{"line":45,"column":62}},{"start":{"line":45,"column":62},"end":{"line":45,"column":null}}],"line":45},"3":{"loc":{"start":{"line":47,"column":2},"end":{"line":49,"column":null}},"type":"if","locations":[{"start":{"line":47,"column":2},"end":{"line":49,"column":null}},{"start":{},"end":{}}],"line":47},"4":{"loc":{"start":{"line":57,"column":48},"end":{"line":57,"column":81}},"type":"default-arg","locations":[{"start":{"line":57,"column":67},"end":{"line":57,"column":81}}],"line":57},"5":{"loc":{"start":{"line":66,"column":2},"end":{"line":66,"column":null}},"type":"if","locations":[{"start":{"line":66,"column":2},"end":{"line":66,"column":null}},{"start":{},"end":{}}],"line":66},"6":{"loc":{"start":{"line":66,"column":6},"end":{"line":66,"column":37}},"type":"binary-expr","locations":[{"start":{"line":66,"column":6},"end":{"line":66,"column":16}},{"start":{"line":66,"column":16},"end":{"line":66,"column":37}}],"line":66},"7":{"loc":{"start":{"line":72,"column":9},"end":{"line":72,"column":null}},"type":"cond-expr","locations":[{"start":{"line":72,"column":25},"end":{"line":72,"column":32}},{"start":{"line":72,"column":32},"end":{"line":72,"column":null}}],"line":72},"8":{"loc":{"start":{"line":80,"column":2},"end":{"line":80,"column":null}},"type":"if","locations":[{"start":{"line":80,"column":2},"end":{"line":80,"column":null}},{"start":{},"end":{}}],"line":80},"9":{"loc":{"start":{"line":80,"column":6},"end":{"line":80,"column":37}},"type":"binary-expr","locations":[{"start":{"line":80,"column":6},"end":{"line":80,"column":16}},{"start":{"line":80,"column":16},"end":{"line":80,"column":37}}],"line":80},"10":{"loc":{"start":{"line":84,"column":9},"end":{"line":84,"column":null}},"type":"cond-expr","locations":[{"start":{"line":84,"column":25},"end":{"line":84,"column":32}},{"start":{"line":84,"column":32},"end":{"line":84,"column":null}}],"line":84},"11":{"loc":{"start":{"line":91,"column":9},"end":{"line":91,"column":null}},"type":"binary-expr","locations":[{"start":{"line":91,"column":9},"end":{"line":91,"column":25}},{"start":{"line":91,"column":25},"end":{"line":91,"column":null}}],"line":91},"12":{"loc":{"start":{"line":98,"column":13},"end":{"line":98,"column":null}},"type":"cond-expr","locations":[{"start":{"line":98,"column":41},"end":{"line":98,"column":59}},{"start":{"line":98,"column":59},"end":{"line":98,"column":null}}],"line":98},"13":{"loc":{"start":{"line":99,"column":13},"end":{"line":99,"column":null}},"type":"cond-expr","locations":[{"start":{"line":99,"column":41},"end":{"line":99,"column":59}},{"start":{"line":99,"column":59},"end":{"line":99,"column":null}}],"line":99},"14":{"loc":{"start":{"line":112,"column":14},"end":{"line":112,"column":null}},"type":"cond-expr","locations":[{"start":{"line":112,"column":44},"end":{"line":112,"column":64}},{"start":{"line":112,"column":64},"end":{"line":112,"column":null}}],"line":112}},"s":{"0":1,"1":2,"2":1,"3":1,"4":1,"5":2,"6":2,"7":1,"8":1,"9":1,"10":2,"11":2,"12":1,"13":1,"14":1,"15":2,"16":1,"17":3,"18":1,"19":2,"20":2,"21":2,"22":2,"23":1,"24":3,"25":0,"26":3,"27":3,"28":1,"29":5,"30":1,"31":2,"32":2,"33":2,"34":2,"35":2,"36":1,"37":2,"38":2,"39":2,"40":2,"41":2},"f":{"0":2,"1":1,"2":2,"3":2,"4":2,"5":3,"6":3,"7":5,"8":2,"9":2},"b":{"0":[1,1],"1":[1,1],"2":[1,1],"3":[1,1],"4":[2],"5":[1,2],"6":[3,2],"7":[0,2],"8":[0,3],"9":[3,3],"10":[1,2],"11":[5,4],"12":[1,1],"13":[1,1],"14":[0,2]},"meta":{"lastBranch":15,"lastFunction":10,"lastStatement":42,"seen":{"s:8:30:14:Infinity":0,"f:8:30:8:31":0,"s:9:2:13:Infinity":1,"s:19:38:26:Infinity":2,"f:19:38:19:39":1,"s:20:2:25:Infinity":3,"s:31:26:39:Infinity":4,"f:31:26:31:27":2,"s:32:18:32:Infinity":5,"b:32:45:32:62:32:62:32:Infinity":0,"b:34:2:36:Infinity:undefined:undefined:undefined:undefined":1,"s:34:2:36:Infinity":6,"s:35:4:35:Infinity":7,"s:38:2:38:Infinity":8,"s:44:30:52:Infinity":9,"f:44:30:44:31":3,"s:45:18:45:Infinity":10,"b:45:45:45:62:45:62:45:Infinity":2,"b:47:2:49:Infinity:undefined:undefined:undefined:undefined":3,"s:47:2:49:Infinity":11,"s:48:4:48:Infinity":12,"s:51:2:51:Infinity":13,"s:57:32:59:Infinity":14,"f:57:32:57:33":4,"b:57:67:57:81":4,"s:58:2:58:Infinity":15,"s:65:29:73:Infinity":16,"f:65:29:65:30":5,"b:66:2:66:Infinity:undefined:undefined:undefined:undefined":5,"s:66:2:66:Infinity":17,"b:66:6:66:16:66:16:66:37":6,"s:66:37:66:Infinity":18,"s:68:18:68:Infinity":19,"s:69:21:69:Infinity":20,"s:70:17:70:Infinity":21,"s:72:2:72:Infinity":22,"b:72:25:72:32:72:32:72:Infinity":7,"s:79:28:85:Infinity":23,"f:79:28:79:29":6,"b:80:2:80:Infinity:undefined:undefined:undefined:undefined":8,"s:80:2:80:Infinity":24,"b:80:6:80:16:80:16:80:37":9,"s:80:37:80:Infinity":25,"s:82:17:82:Infinity":26,"s:84:2:84:Infinity":27,"b:84:25:84:32:84:32:84:Infinity":10,"s:90:25:92:Infinity":28,"f:90:25:90:26":7,"s:91:2:91:Infinity":29,"b:91:9:91:25:91:25:91:Infinity":11,"s:97:27:105:Infinity":30,"f:97:27:97:28":8,"s:98:13:98:Infinity":31,"b:98:41:98:59:98:59:98:Infinity":12,"s:99:13:99:Infinity":32,"b:99:41:99:59:99:59:99:Infinity":13,"s:101:19:101:Infinity":33,"s:102:19:102:Infinity":34,"s:104:2:104:Infinity":35,"s:111:27:119:Infinity":36,"f:111:27:111:28":9,"s:112:14:112:Infinity":37,"b:112:44:112:64:112:64:112:Infinity":14,"s:113:16:113:Infinity":38,"s:115:19:115:Infinity":39,"s:116:19:116:Infinity":40,"s:118:2:118:Infinity":41}}}
,"/home/user/icarus/src/lib/utils/validators.ts": {"path":"/home/user/icarus/src/lib/utils/validators.ts","statementMap":{"0":{"start":{"line":8,"column":27},"end":{"line":34,"column":null}},"1":{"start":{"line":9,"column":18},"end":{"line":9,"column":null}},"2":{"start":{"line":11,"column":2},"end":{"line":11,"column":null}},"3":{"start":{"line":11,"column":29},"end":{"line":11,"column":null}},"4":{"start":{"line":12,"column":2},"end":{"line":12,"column":null}},"5":{"start":{"line":12,"column":33},"end":{"line":12,"column":null}},"6":{"start":{"line":15,"column":12},"end":{"line":15,"column":null}},"7":{"start":{"line":16,"column":12},"end":{"line":16,"column":null}},"8":{"start":{"line":17,"column":2},"end":{"line":20,"column":null}},"9":{"start":{"line":17,"column":15},"end":{"line":17,"column":31}},"10":{"start":{"line":18,"column":4},"end":{"line":18,"column":null}},"11":{"start":{"line":19,"column":4},"end":{"line":19,"column":null}},"12":{"start":{"line":19,"column":17},"end":{"line":19,"column":null}},"13":{"start":{"line":21,"column":15},"end":{"line":21,"column":null}},"14":{"start":{"line":22,"column":2},"end":{"line":22,"column":null}},"15":{"start":{"line":22,"column":47},"end":{"line":22,"column":null}},"16":{"start":{"line":24,"column":2},"end":{"line":24,"column":null}},"17":{"start":{"line":25,"column":2},"end":{"line":25,"column":null}},"18":{"start":{"line":26,"column":2},"end":{"line":29,"column":null}},"19":{"start":{"line":26,"column":15},"end":{"line":26,"column":31}},"20":{"start":{"line":27,"column":4},"end":{"line":27,"column":null}},"21":{"start":{"line":28,"column":4},"end":{"line":28,"column":null}},"22":{"start":{"line":28,"column":17},"end":{"line":28,"column":null}},"23":{"start":{"line":30,"column":2},"end":{"line":30,"column":null}},"24":{"start":{"line":31,"column":2},"end":{"line":31,"column":null}},"25":{"start":{"line":31,"column":47},"end":{"line":31,"column":null}},"26":{"start":{"line":33,"column":2},"end":{"line":33,"column":null}},"27":{"start":{"line":39,"column":26},"end":{"line":64,"column":null}},"28":{"start":{"line":40,"column":18},"end":{"line":40,"column":null}},"29":{"start":{"line":42,"column":2},"end":{"line":42,"column":null}},"30":{"start":{"line":42,"column":29},"end":{"line":42,"column":null}},"31":{"start":{"line":43,"column":2},"end":{"line":43,"column":null}},"32":{"start":{"line":43,"column":33},"end":{"line":43,"column":null}},"33":{"start":{"line":45,"column":12},"end":{"line":45,"column":null}},"34":{"start":{"line":46,"column":2},"end":{"line":48,"column":null}},"35":{"start":{"line":46,"column":15},"end":{"line":46,"column":18}},"36":{"start":{"line":47,"column":4},"end":{"line":47,"column":null}},"37":{"start":{"line":49,"column":18},"end":{"line":49,"column":null}},"38":{"start":{"line":50,"column":19},"end":{"line":50,"column":null}},"39":{"start":{"line":52,"column":2},"end":{"line":52,"column":null}},"40":{"start":{"line":52,"column":50},"end":{"line":52,"column":null}},"41":{"start":{"line":54,"column":2},"end":{"line":54,"column":null}},"42":{"start":{"line":55,"column":2},"end":{"line":57,"column":null}},"43":{"start":{"line":55,"column":15},"end":{"line":55,"column":18}},"44":{"start":{"line":56,"column":4},"end":{"line":56,"column":null}},"45":{"start":{"line":58,"column":2},"end":{"line":58,"column":null}},"46":{"start":{"line":59,"column":2},"end":{"line":59,"column":null}},"47":{"start":{"line":61,"column":2},"end":{"line":61,"column":null}},"48":{"start":{"line":61,"column":51},"end":{"line":61,"column":null}},"49":{"start":{"line":63,"column":2},"end":{"line":63,"column":null}},"50":{"start":{"line":69,"column":28},"end":{"line":72,"column":null}},"51":{"start":{"line":70,"column":21},"end":{"line":70,"column":null}},"52":{"start":{"line":71,"column":2},"end":{"line":71,"column":null}},"53":{"start":{"line":77,"column":28},"end":{"line":80,"column":null}},"54":{"start":{"line":78,"column":18},"end":{"line":78,"column":null}},"55":{"start":{"line":79,"column":2},"end":{"line":79,"column":null}},"56":{"start":{"line":85,"column":27},"end":{"line":88,"column":null}},"57":{"start":{"line":86,"column":18},"end":{"line":86,"column":null}},"58":{"start":{"line":87,"column":2},"end":{"line":87,"column":null}},"59":{"start":{"line":93,"column":26},"end":{"line":95,"column":null}},"60":{"start":{"line":94,"column":2},"end":{"line":94,"column":null}},"61":{"start":{"line":100,"column":29},"end":{"line":102,"column":null}},"62":{"start":{"line":101,"column":2},"end":{"line":101,"column":null}},"63":{"start":{"line":107,"column":26},"end":{"line":109,"column":null}},"64":{"start":{"line":108,"column":2},"end":{"line":108,"column":null}},"65":{"start":{"line":114,"column":31},"end":{"line":117,"column":null}},"66":{"start":{"line":115,"column":17},"end":{"line":115,"column":null}},"67":{"start":{"line":116,"column":2},"end":{"line":116,"column":null}},"68":{"start":{"line":123,"column":29},"end":{"line":130,"column":null}},"69":{"start":{"line":124,"column":2},"end":{"line":129,"column":null}},"70":{"start":{"line":135,"column":30},"end":{"line":160,"column":null}},"71":{"start":{"line":139,"column":2},"end":{"line":141,"column":null}},"72":{"start":{"line":140,"column":4},"end":{"line":140,"column":null}},"73":{"start":{"line":143,"column":18},"end":{"line":143,"column":null}},"74":{"start":{"line":144,"column":21},"end":{"line":144,"column":null}},"75":{"start":{"line":145,"column":17},"end":{"line":145,"column":null}},"76":{"start":{"line":147,"column":2},"end":{"line":149,"column":null}},"77":{"start":{"line":148,"column":4},"end":{"line":148,"column":null}},"78":{"start":{"line":151,"column":2},"end":{"line":153,"column":null}},"79":{"start":{"line":152,"column":4},"end":{"line":152,"column":null}},"80":{"start":{"line":155,"column":2},"end":{"line":157,"column":null}},"81":{"start":{"line":156,"column":4},"end":{"line":156,"column":null}},"82":{"start":{"line":159,"column":2},"end":{"line":159,"column":null}},"83":{"start":{"line":165,"column":32},"end":{"line":192,"column":null}},"84":{"start":{"line":169,"column":2},"end":{"line":171,"column":null}},"85":{"start":{"line":170,"column":4},"end":{"line":170,"column":null}},"86":{"start":{"line":173,"column":17},"end":{"line":173,"column":null}},"87":{"start":{"line":175,"column":2},"end":{"line":177,"column":null}},"88":{"start":{"line":176,"column":4},"end":{"line":176,"column":null}},"89":{"start":{"line":179,"column":2},"end":{"line":181,"column":null}},"90":{"start":{"line":180,"column":4},"end":{"line":180,"column":null}},"91":{"start":{"line":183,"column":2},"end":{"line":185,"column":null}},"92":{"start":{"line":184,"column":4},"end":{"line":184,"column":null}},"93":{"start":{"line":187,"column":2},"end":{"line":189,"column":null}},"94":{"start":{"line":188,"column":4},"end":{"line":188,"column":null}},"95":{"start":{"line":191,"column":2},"end":{"line":191,"column":null}}},"fnMap":{"0":{"name":"(anonymous_0)","decl":{"start":{"line":8,"column":27},"end":{"line":8,"column":28}},"loc":{"start":{"line":8,"column":54},"end":{"line":34,"column":null}},"line":8},"1":{"name":"(anonymous_1)","decl":{"start":{"line":39,"column":26},"end":{"line":39,"column":27}},"loc":{"start":{"line":39,"column":52},"end":{"line":64,"column":null}},"line":39},"2":{"name":"(anonymous_2)","decl":{"start":{"line":69,"column":28},"end":{"line":69,"column":29}},"loc":{"start":{"line":69,"column":56},"end":{"line":72,"column":null}},"line":69},"3":{"name":"(anonymous_3)","decl":{"start":{"line":77,"column":28},"end":{"line":77,"column":29}},"loc":{"start":{"line":77,"column":56},"end":{"line":80,"column":null}},"line":77},"4":{"name":"(anonymous_4)","decl":{"start":{"line":85,"column":27},"end":{"line":85,"column":28}},"loc":{"start":{"line":85,"column":54},"end":{"line":88,"column":null}},"line":85},"5":{"name":"(anonymous_5)","decl":{"start":{"line":93,"column":26},"end":{"line":93,"column":27}},"loc":{"start":{"line":93,"column":54},"end":{"line":95,"column":null}},"line":93},"6":{"name":"(anonymous_6)","decl":{"start":{"line":100,"column":29},"end":{"line":100,"column":30}},"loc":{"start":{"line":100,"column":57},"end":{"line":102,"column":null}},"line":100},"7":{"name":"(anonymous_7)","decl":{"start":{"line":107,"column":26},"end":{"line":107,"column":27}},"loc":{"start":{"line":107,"column":54},"end":{"line":109,"column":null}},"line":107},"8":{"name":"(anonymous_8)","decl":{"start":{"line":114,"column":31},"end":{"line":114,"column":32}},"loc":{"start":{"line":114,"column":85},"end":{"line":117,"column":null}},"line":114},"9":{"name":"(anonymous_9)","decl":{"start":{"line":123,"column":29},"end":{"line":123,"column":30}},"loc":{"start":{"line":123,"column":56},"end":{"line":130,"column":null}},"line":123},"10":{"name":"(anonymous_10)","decl":{"start":{"line":135,"column":30},"end":{"line":135,"column":null}},"loc":{"start":{"line":138,"column":63},"end":{"line":160,"column":null}},"line":138},"11":{"name":"(anonymous_11)","decl":{"start":{"line":165,"column":32},"end":{"line":165,"column":null}},"loc":{"start":{"line":168,"column":63},"end":{"line":192,"column":null}},"line":168}},"branchMap":{"0":{"loc":{"start":{"line":11,"column":2},"end":{"line":11,"column":null}},"type":"if","locations":[{"start":{"line":11,"column":2},"end":{"line":11,"column":null}},{"start":{},"end":{}}],"line":11},"1":{"loc":{"start":{"line":12,"column":2},"end":{"line":12,"column":null}},"type":"if","locations":[{"start":{"line":12,"column":2},"end":{"line":12,"column":null}},{"start":{},"end":{}}],"line":12},"2":{"loc":{"start":{"line":19,"column":4},"end":{"line":19,"column":null}},"type":"if","locations":[{"start":{"line":19,"column":4},"end":{"line":19,"column":null}},{"start":{},"end":{}}],"line":19},"3":{"loc":{"start":{"line":21,"column":15},"end":{"line":21,"column":null}},"type":"cond-expr","locations":[{"start":{"line":21,"column":30},"end":{"line":21,"column":34}},{"start":{"line":21,"column":34},"end":{"line":21,"column":null}}],"line":21},"4":{"loc":{"start":{"line":22,"column":2},"end":{"line":22,"column":null}},"type":"if","locations":[{"start":{"line":22,"column":2},"end":{"line":22,"column":null}},{"start":{},"end":{}}],"line":22},"5":{"loc":{"start":{"line":28,"column":4},"end":{"line":28,"column":null}},"type":"if","locations":[{"start":{"line":28,"column":4},"end":{"line":28,"column":null}},{"start":{},"end":{}}],"line":28},"6":{"loc":{"start":{"line":30,"column":11},"end":{"line":30,"column":null}},"type":"cond-expr","locations":[{"start":{"line":30,"column":26},"end":{"line":30,"column":30}},{"start":{"line":30,"column":30},"end":{"line":30,"column":null}}],"line":30},"7":{"loc":{"start":{"line":31,"column":2},"end":{"line":31,"column":null}},"type":"if","locations":[{"start":{"line":31,"column":2},"end":{"line":31,"column":null}},{"start":{},"end":{}}],"line":31},"8":{"loc":{"start":{"line":42,"column":2},"end":{"line":42,"column":null}},"type":"if","locations":[{"start":{"line":42,"column":2},"end":{"line":42,"column":null}},{"start":{},"end":{}}],"line":42},"9":{"loc":{"start":{"line":43,"column":2},"end":{"line":43,"column":null}},"type":"if","locations":[{"start":{"line":43,"column":2},"end":{"line":43,"column":null}},{"start":{},"end":{}}],"line":43},"10":{"loc":{"start":{"line":50,"column":19},"end":{"line":50,"column":null}},"type":"cond-expr","locations":[{"start":{"line":50,"column":58},"end":{"line":50,"column":62}},{"start":{"line":50,"column":62},"end":{"line":50,"column":null}}],"line":50},"11":{"loc":{"start":{"line":50,"column":19},"end":{"line":50,"column":58}},"type":"binary-expr","locations":[{"start":{"line":50,"column":19},"end":{"line":50,"column":39}},{"start":{"line":50,"column":39},"end":{"line":50,"column":58}}],"line":50},"12":{"loc":{"start":{"line":52,"column":2},"end":{"line":52,"column":null}},"type":"if","locations":[{"start":{"line":52,"column":2},"end":{"line":52,"column":null}},{"start":{},"end":{}}],"line":52},"13":{"loc":{"start":{"line":59,"column":15},"end":{"line":59,"column":null}},"type":"cond-expr","locations":[{"start":{"line":59,"column":54},"end":{"line":59,"column":58}},{"start":{"line":59,"column":58},"end":{"line":59,"column":null}}],"line":59},"14":{"loc":{"start":{"line":59,"column":15},"end":{"line":59,"column":54}},"type":"binary-expr","locations":[{"start":{"line":59,"column":15},"end":{"line":59,"column":35}},{"start":{"line":59,"column":35},"end":{"line":59,"column":54}}],"line":59},"15":{"loc":{"start":{"line":61,"column":2},"end":{"line":61,"column":null}},"type":"if","locations":[{"start":{"line":61,"column":2},"end":{"line":61,"column":null}},{"start":{},"end":{}}],"line":61},"16":{"loc":{"start":{"line":79,"column":9},"end":{"line":79,"column":null}},"type":"binary-expr","locations":[{"start":{"line":79,"column":9},"end":{"line":79,"column":34}},{"start":{"line":79,"column":34},"end":{"line":79,"column":null}}],"line":79},"17":{"loc":{"start":{"line":116,"column":9},"end":{"line":116,"column":null}},"type":"binary-expr","locations":[{"start":{"line":116,"column":9},"end":{"line":116,"column":26}},{"start":{"line":116,"column":26},"end":{"line":116,"column":null}}],"line":116},"18":{"loc":{"start":{"line":139,"column":2},"end":{"line":141,"column":null}},"type":"if","locations":[{"start":{"line":139,"column":2},"end":{"line":141,"column":null}},{"start":{},"end":{}}],"line":139},"19":{"loc":{"start":{"line":139,"column":6},"end":{"line":139,"column":45}},"type":"binary-expr","locations":[{"start":{"line":139,"column":6},"end":{"line":139,"column":20}},{"start":{"line":139,"column":20},"end":{"line":139,"column":45}}],"line":139},"20":{"loc":{"start":{"line":147,"column":2},"end":{"line":149,"column":null}},"type":"if","locations":[{"start":{"line":147,"column":2},"end":{"line":149,"column":null}},{"start":{},"end":{}}],"line":147},"21":{"loc":{"start":{"line":151,"column":2},"end":{"line":153,"column":null}},"type":"if","locations":[{"start":{"line":151,"column":2},"end":{"line":153,"column":null}},{"start":{},"end":{}}],"line":151},"22":{"loc":{"start":{"line":155,"column":2},"end":{"line":157,"column":null}},"type":"if","locations":[{"start":{"line":155,"column":2},"end":{"line":157,"column":null}},{"start":{},"end":{}}],"line":155},"23":{"loc":{"start":{"line":155,"column":6},"end":{"line":155,"column":53}},"type":"binary-expr","locations":[{"start":{"line":155,"column":6},"end":{"line":155,"column":33}},{"start":{"line":155,"column":33},"end":{"line":155,"column":53}}],"line":155},"24":{"loc":{"start":{"line":169,"column":2},"end":{"line":171,"column":null}},"type":"if","locations":[{"start":{"line":169,"column":2},"end":{"line":171,"column":null}},{"start":{},"end":{}}],"line":169},"25":{"loc":{"start":{"line":169,"column":6},"end":{"line":169,"column":49}},"type":"binary-expr","locations":[{"start":{"line":169,"column":6},"end":{"line":169,"column":22}},{"start":{"line":169,"column":22},"end":{"line":169,"column":49}}],"line":169},"26":{"loc":{"start":{"line":175,"column":2},"end":{"line":177,"column":null}},"type":"if","locations":[{"start":{"line":175,"column":2},"end":{"line":177,"column":null}},{"start":{},"end":{}}],"line":175},"27":{"loc":{"start":{"line":179,"column":2},"end":{"line":181,"column":null}},"type":"if","locations":[{"start":{"line":179,"column":2},"end":{"line":181,"column":null}},{"start":{},"end":{}}],"line":179},"28":{"loc":{"start":{"line":183,"column":2},"end":{"line":185,"column":null}},"type":"if","locations":[{"start":{"line":183,"column":2},"end":{"line":185,"column":null}},{"start":{},"end":{}}],"line":183},"29":{"loc":{"start":{"line":187,"column":2},"end":{"line":189,"column":null}},"type":"if","locations":[{"start":{"line":187,"column":2},"end":{"line":189,"column":null}},{"start":{},"end":{}}],"line":187},"30":{"loc":{"start":{"line":187,"column":6},"end":{"line":187,"column":57}},"type":"binary-expr","locations":[{"start":{"line":187,"column":6},"end":{"line":187,"column":35}},{"start":{"line":187,"column":35},"end":{"line":187,"column":57}}],"line":187}},"s":{"0":1,"1":3,"2":3,"3":1,"4":2,"5":2,"6":1,"7":1,"8":1,"9":1,"10":14,"11":14,"12":2,"13":1,"14":3,"15":1,"16":0,"17":0,"18":0,"19":0,"20":0,"21":0,"22":0,"23":0,"24":3,"25":0,"26":0,"27":1,"28":3,"29":3,"30":1,"31":2,"32":2,"33":1,"34":1,"35":1,"36":9,"37":1,"38":1,"39":3,"40":0,"41":1,"42":1,"43":1,"44":10,"45":1,"46":1,"47":3,"48":0,"49":1,"50":1,"51":3,"52":3,"53":1,"54":3,"55":3,"56":1,"57":4,"58":4,"59":1,"60":4,"61":1,"62":3,"63":1,"64":4,"65":1,"66":4,"67":4,"68":1,"69":1,"70":1,"71":5,"72":1,"73":4,"74":4,"75":4,"76":4,"77":0,"78":4,"79":2,"80":2,"81":1,"82":1,"83":1,"84":7,"85":1,"86":6,"87":6,"88":1,"89":5,"90":2,"91":3,"92":0,"93":3,"94":1,"95":2},"f":{"0":3,"1":3,"2":3,"3":3,"4":4,"5":4,"6":3,"7":4,"8":4,"9":1,"10":5,"11":7},"b":{"0":[1,2],"1":[1,1],"2":[2,12],"3":[1,0],"4":[1,2],"5":[0,0],"6":[0,0],"7":[0,3],"8":[1,2],"9":[1,1],"10":[0,1],"11":[1,1],"12":[0,3],"13":[0,1],"14":[1,1],"15":[0,3],"16":[3,2],"17":[4,3],"18":[1,4],"19":[5,4],"20":[0,4],"21":[2,2],"22":[1,1],"23":[2,1],"24":[1,6],"25":[7,6],"26":[1,5],"27":[2,3],"28":[0,3],"29":[1,2],"30":[3,2]},"meta":{"lastBranch":31,"lastFunction":12,"lastStatement":96,"seen":{"s:8:27:34:Infinity":0,"f:8:27:8:28":0,"s:9:18:9:Infinity":1,"b:11:2:11:Infinity:undefined:undefined:undefined:undefined":0,"s:11:2:11:Infinity":2,"s:11:29:11:Infinity":3,"b:12:2:12:Infinity:undefined:undefined:undefined:undefined":1,"s:12:2:12:Infinity":4,"s:12:33:12:Infinity":5,"s:15:12:15:Infinity":6,"s:16:12:16:Infinity":7,"s:17:2:20:Infinity":8,"s:17:15:17:31":9,"s:18:4:18:Infinity":10,"b:19:4:19:Infinity:undefined:undefined:undefined:undefined":2,"s:19:4:19:Infinity":11,"s:19:17:19:Infinity":12,"s:21:15:21:Infinity":13,"b:21:30:21:34:21:34:21:Infinity":3,"b:22:2:22:Infinity:undefined:undefined:undefined:undefined":4,"s:22:2:22:Infinity":14,"s:22:47:22:Infinity":15,"s:24:2:24:Infinity":16,"s:25:2:25:Infinity":17,"s:26:2:29:Infinity":18,"s:26:15:26:31":19,"s:27:4:27:Infinity":20,"b:28:4:28:Infinity:undefined:undefined:undefined:undefined":5,"s:28:4:28:Infinity":21,"s:28:17:28:Infinity":22,"s:30:2:30:Infinity":23,"b:30:26:30:30:30:30:30:Infinity":6,"b:31:2:31:Infinity:undefined:undefined:undefined:undefined":7,"s:31:2:31:Infinity":24,"s:31:47:31:Infinity":25,"s:33:2:33:Infinity":26,"s:39:26:64:Infinity":27,"f:39:26:39:27":1,"s:40:18:40:Infinity":28,"b:42:2:42:Infinity:undefined:undefined:undefined:undefined":8,"s:42:2:42:Infinity":29,"s:42:29:42:Infinity":30,"b:43:2:43:Infinity:undefined:undefined:undefined:undefined":9,"s:43:2:43:Infinity":31,"s:43:33:43:Infinity":32,"s:45:12:45:Infinity":33,"s:46:2:48:Infinity":34,"s:46:15:46:18":35,"s:47:4:47:Infinity":36,"s:49:18:49:Infinity":37,"s:50:19:50:Infinity":38,"b:50:58:50:62:50:62:50:Infinity":10,"b:50:19:50:39:50:39:50:58":11,"b:52:2:52:Infinity:undefined:undefined:undefined:undefined":12,"s:52:2:52:Infinity":39,"s:52:50:52:Infinity":40,"s:54:2:54:Infinity":41,"s:55:2:57:Infinity":42,"s:55:15:55:18":43,"s:56:4:56:Infinity":44,"s:58:2:58:Infinity":45,"s:59:2:59:Infinity":46,"b:59:54:59:58:59:58:59:Infinity":13,"b:59:15:59:35:59:35:59:54":14,"b:61:2:61:Infinity:undefined:undefined:undefined:undefined":15,"s:61:2:61:Infinity":47,"s:61:51:61:Infinity":48,"s:63:2:63:Infinity":49,"s:69:28:72:Infinity":50,"f:69:28:69:29":2,"s:70:21:70:Infinity":51,"s:71:2:71:Infinity":52,"s:77:28:80:Infinity":53,"f:77:28:77:29":3,"s:78:18:78:Infinity":54,"s:79:2:79:Infinity":55,"b:79:9:79:34:79:34:79:Infinity":16,"s:85:27:88:Infinity":56,"f:85:27:85:28":4,"s:86:18:86:Infinity":57,"s:87:2:87:Infinity":58,"s:93:26:95:Infinity":59,"f:93:26:93:27":5,"s:94:2:94:Infinity":60,"s:100:29:102:Infinity":61,"f:100:29:100:30":6,"s:101:2:101:Infinity":62,"s:107:26:109:Infinity":63,"f:107:26:107:27":7,"s:108:2:108:Infinity":64,"s:114:31:117:Infinity":65,"f:114:31:114:32":8,"s:115:17:115:Infinity":66,"s:116:2:116:Infinity":67,"b:116:9:116:26:116:26:116:Infinity":17,"s:123:29:130:Infinity":68,"f:123:29:123:30":9,"s:124:2:129:Infinity":69,"s:135:30:160:Infinity":70,"f:135:30:135:Infinity":10,"b:139:2:141:Infinity:undefined:undefined:undefined:undefined":18,"s:139:2:141:Infinity":71,"b:139:6:139:20:139:20:139:45":19,"s:140:4:140:Infinity":72,"s:143:18:143:Infinity":73,"s:144:21:144:Infinity":74,"s:145:17:145:Infinity":75,"b:147:2:149:Infinity:undefined:undefined:undefined:undefined":20,"s:147:2:149:Infinity":76,"s:148:4:148:Infinity":77,"b:151:2:153:Infinity:undefined:undefined:undefined:undefined":21,"s:151:2:153:Infinity":78,"s:152:4:152:Infinity":79,"b:155:2:157:Infinity:undefined:undefined:undefined:undefined":22,"s:155:2:157:Infinity":80,"b:155:6:155:33:155:33:155:53":23,"s:156:4:156:Infinity":81,"s:159:2:159:Infinity":82,"s:165:32:192:Infinity":83,"f:165:32:165:Infinity":11,"b:169:2:171:Infinity:undefined:undefined:undefined:undefined":24,"s:169:2:171:Infinity":84,"b:169:6:169:22:169:22:169:49":25,"s:170:4:170:Infinity":85,"s:173:17:173:Infinity":86,"b:175:2:177:Infinity:undefined:undefined:undefined:undefined":26,"s:175:2:177:Infinity":87,"s:176:4:176:Infinity":88,"b:179:2:181:Infinity:undefined:undefined:undefined:undefined":27,"s:179:2:181:Infinity":89,"s:180:4:180:Infinity":90,"b:183:2:185:Infinity:undefined:undefined:undefined:undefined":28,"s:183:2:185:Infinity":91,"s:184:4:184:Infinity":92,"b:187:2:189:Infinity:undefined:undefined:undefined:undefined":29,"s:187:2:189:Infinity":93,"b:187:6:187:35:187:35:187:57":30,"s:188:4:188:Infinity":94,"s:191:2:191:Infinity":95}}}
}
